current directory: /home/sid/Portfolio-Website/portfolio-website/gems/json-2.8.1/ext/json/ext/parser
/usr/bin/ruby extconf.rb
checking for rb_enc_interned_str() in ruby.h... yes
checking for rb_hash_new_capa() in ruby.h... yes
checking for rb_gc_mark_locations() in ruby.h... yes
checking for rb_hash_bulk_insert() in ruby.h... yes
checking for rb_category_warn() in ruby.h... yes
checking for whether -std=c99 is accepted as CFLAGS... yes
creating Makefile

current directory: /home/sid/Portfolio-Website/portfolio-website/gems/json-2.8.1/ext/json/ext/parser
make DESTDIR\= sitearchdir\=./.gem.20241108-7326-3dbz3a sitelibdir\=./.gem.20241108-7326-3dbz3a clean

current directory: /home/sid/Portfolio-Website/portfolio-website/gems/json-2.8.1/ext/json/ext/parser
make DESTDIR\= sitearchdir\=./.gem.20241108-7326-3dbz3a sitelibdir\=./.gem.20241108-7326-3dbz3a
compiling parser.c
linking shared-object json/ext/parser.so

current directory: /home/sid/Portfolio-Website/portfolio-website/gems/json-2.8.1/ext/json/ext/parser
make DESTDIR\= sitearchdir\=./.gem.20241108-7326-3dbz3a sitelibdir\=./.gem.20241108-7326-3dbz3a install
/usr/bin/install -c -m 0755 parser.so ./.gem.20241108-7326-3dbz3a/json/ext

current directory: /home/sid/Portfolio-Website/portfolio-website/gems/json-2.8.1/ext/json/ext/parser
make DESTDIR\= sitearchdir\=./.gem.20241108-7326-3dbz3a sitelibdir\=./.gem.20241108-7326-3dbz3a clean
